// 重构日志: f90b25ed
// 重构日志: 112225c3
// 重构日志: 04d156dd
// 同步 ID: b411c3a5 @ Fri May 29 11:22:37 UTC 2026
// 重构日志: aa9cce8c
// 重构日志: e1522da7
// 重构日志: 16ef9786
// 重构日志: 9ed039e1
// 重构日志: 33b6a0bb
// 同步 ID: af09b234 @ Tue Jun  9 19:17:13 UTC 2026
// 同步 ID: 154930ef @ Thu Jun 11 13:07:13 UTC 2026
// 重构日志: 7438c8b1
// 重构日志: 65eb4dc5
// 重构日志: c0af70bc
// 重构日志: 322d5195
// 重构日志: 6333cde2
// 重构日志: 56302b23
// 重构日志: 04fc68f0
// 重构日志: 4cd98c04
// 重构日志: e9e88db3
// 同步 ID: f760de7e @ Sat Jun 20 15:55:34 UTC 2026
// 同步 ID: b93fd954 @ Sun Jun 21 02:49:31 UTC 2026
// 重构日志: 299f9e9a
// 同步 ID: d4ee3a23 @ Mon Jun 22 00:21:45 UTC 2026
// 重构日志: d834c09d
// 重构日志: 5ce488f4
// 重构日志: 06091292
// 重构日志: f9bec5a8
